<?xml version="1.0" encoding="UTF-8"?>
<testng-results skipped="0" failed="0" total="3" passed="3">
  <reporter-output>
  </reporter-output>
  <suite name="Default suite" duration-ms="34" started-at="2022-03-14T12:08:14Z" finished-at="2022-03-14T12:08:14Z">
    <groups>
    </groups>
    <test name="Default test" duration-ms="34" started-at="2022-03-14T12:08:14Z" finished-at="2022-03-14T12:08:14Z">
      <class name="day5NG.All_Annotations">
        <test-method status="PASS" signature="beforeSuite()[pri:0, instance:day5NG.All_Annotations@d7b1517]" name="beforeSuite" is-config="true" duration-ms="18" started-at="2022-03-14T17:38:14Z" finished-at="2022-03-14T17:38:14Z">
          <reporter-output>
          </reporter-output>
        </test-method> <!-- beforeSuite -->
        <test-method status="PASS" signature="beforeTest()[pri:0, instance:day5NG.All_Annotations@d7b1517]" name="beforeTest" is-config="true" duration-ms="1" started-at="2022-03-14T17:38:14Z" finished-at="2022-03-14T17:38:14Z">
          <reporter-output>
          </reporter-output>
        </test-method> <!-- beforeTest -->
        <test-method status="PASS" signature="beforeClass()[pri:0, instance:day5NG.All_Annotations@d7b1517]" name="beforeClass" is-config="true" duration-ms="0" started-at="2022-03-14T17:38:14Z" finished-at="2022-03-14T17:38:14Z">
          <reporter-output>
          </reporter-output>
        </test-method> <!-- beforeClass -->
        <test-method status="PASS" signature="f1()[pri:0, instance:day5NG.All_Annotations@d7b1517]" name="f1" duration-ms="5" started-at="2022-03-14T17:38:14Z" finished-at="2022-03-14T17:38:14Z">
          <reporter-output>
          </reporter-output>
        </test-method> <!-- f1 -->
        <test-method status="PASS" signature="beforeMethod()[pri:0, instance:day5NG.All_Annotations@d7b1517]" name="beforeMethod" is-config="true" duration-ms="0" started-at="2022-03-14T17:38:14Z" finished-at="2022-03-14T17:38:14Z">
          <reporter-output>
          </reporter-output>
        </test-method> <!-- beforeMethod -->
        <test-method status="PASS" signature="afterMethod()[pri:0, instance:day5NG.All_Annotations@d7b1517]" name="afterMethod" is-config="true" duration-ms="1" started-at="2022-03-14T17:38:14Z" finished-at="2022-03-14T17:38:14Z">
          <reporter-output>
          </reporter-output>
        </test-method> <!-- afterMethod -->
        <test-method status="PASS" signature="beforeMethod()[pri:0, instance:day5NG.All_Annotations@d7b1517]" name="beforeMethod" is-config="true" duration-ms="0" started-at="2022-03-14T17:38:14Z" finished-at="2022-03-14T17:38:14Z">
          <reporter-output>
          </reporter-output>
        </test-method> <!-- beforeMethod -->
        <test-method status="PASS" signature="f2()[pri:0, instance:day5NG.All_Annotations@d7b1517]" name="f2" duration-ms="1" started-at="2022-03-14T17:38:14Z" finished-at="2022-03-14T17:38:14Z">
          <reporter-output>
          </reporter-output>
        </test-method> <!-- f2 -->
        <test-method status="PASS" signature="f3()[pri:0, instance:day5NG.All_Annotations@d7b1517]" name="f3" duration-ms="1" started-at="2022-03-14T17:38:14Z" finished-at="2022-03-14T17:38:14Z">
          <reporter-output>
          </reporter-output>
        </test-method> <!-- f3 -->
        <test-method status="PASS" signature="beforeMethod()[pri:0, instance:day5NG.All_Annotations@d7b1517]" name="beforeMethod" is-config="true" duration-ms="0" started-at="2022-03-14T17:38:14Z" finished-at="2022-03-14T17:38:14Z">
          <reporter-output>
          </reporter-output>
        </test-method> <!-- beforeMethod -->
        <test-method status="PASS" signature="afterMethod()[pri:0, instance:day5NG.All_Annotations@d7b1517]" name="afterMethod" is-config="true" duration-ms="0" started-at="2022-03-14T17:38:14Z" finished-at="2022-03-14T17:38:14Z">
          <reporter-output>
          </reporter-output>
        </test-method> <!-- afterMethod -->
        <test-method status="PASS" signature="afterClass()[pri:0, instance:day5NG.All_Annotations@d7b1517]" name="afterClass" is-config="true" duration-ms="1" started-at="2022-03-14T17:38:14Z" finished-at="2022-03-14T17:38:14Z">
          <reporter-output>
          </reporter-output>
        </test-method> <!-- afterClass -->
        <test-method status="PASS" signature="afterMethod()[pri:0, instance:day5NG.All_Annotations@d7b1517]" name="afterMethod" is-config="true" duration-ms="0" started-at="2022-03-14T17:38:14Z" finished-at="2022-03-14T17:38:14Z">
          <reporter-output>
          </reporter-output>
        </test-method> <!-- afterMethod -->
        <test-method status="PASS" signature="afterTest()[pri:0, instance:day5NG.All_Annotations@d7b1517]" name="afterTest" is-config="true" duration-ms="2" started-at="2022-03-14T17:38:14Z" finished-at="2022-03-14T17:38:14Z">
          <reporter-output>
          </reporter-output>
        </test-method> <!-- afterTest -->
        <test-method status="PASS" signature="afterSuite()[pri:0, instance:day5NG.All_Annotations@d7b1517]" name="afterSuite" is-config="true" duration-ms="0" started-at="2022-03-14T17:38:14Z" finished-at="2022-03-14T17:38:14Z">
          <reporter-output>
          </reporter-output>
        </test-method> <!-- afterSuite -->
      </class> <!-- day5NG.All_Annotations -->
    </test> <!-- Default test -->
  </suite> <!-- Default suite -->
</testng-results>
